<?xml version="1.0" encoding="UTF-8"?>
<Site BuildName="Linux-g++"
	BuildStamp="20240819-0024-Experimental"
	Name="DESKTOP-OSEOANG"
	Generator="ctest-3.29.3"
	CompilerName="/usr/bin/g++"
	CompilerVersion="11.4.0"
	OSName="Linux"
	Hostname="DESKTOP-OSEOANG"
	OSRelease="5.10.102.1-microsoft-standard-WSL2"
	OSVersion="#1 SMP Wed Mar 2 00:30:59 UTC 2022"
	OSPlatform="x86_64"
	Is64Bits="1"
	VendorString="GenuineIntel"
	VendorID="Intel Corporation"
	FamilyID="6"
	ModelID="154"
	ProcessorCacheSize="24576"
	NumberOfLogicalCPU="20"
	NumberOfPhysicalCPU="10"
	TotalVirtualMemory="4096"
	TotalPhysicalMemory="15831"
	LogicalProcessorsPerPhysical="2"
	ProcessorClockFrequency="2688"
	>
	<Testing>
		<StartDateTime>Aug 20 07:26 CST</StartDateTime>
		<StartTestTime>1724109969</StartTestTime>
		<TestList/>
		<EndDateTime>Aug 20 07:26 CST</EndDateTime>
		<EndTestTime>1724109969</EndTestTime>
		<ElapsedMinutes>0</ElapsedMinutes>
	</Testing>
</Site>
